<?xml version="1.0" encoding="UTF-8"?>
<testng-results skipped="0" failed="0" ignored="0" total="1" passed="1">
  <reporter-output>
  </reporter-output>
  <suite name="Suite" duration-ms="22147" started-at="2018-10-31T10:01:57Z" finished-at="2018-10-31T10:02:19Z">
    <groups>
    </groups>
    <test name="Test" duration-ms="22147" started-at="2018-10-31T10:01:57Z" finished-at="2018-10-31T10:02:19Z">
      <class name="Automate.Testing.NewTest">
        <test-method status="PASS" signature="beforeClass(java.lang.String)[pri:0, instance:Automate.Testing.NewTest@1758f2a]" name="beforeClass" is-config="true" duration-ms="18656" started-at="2018-10-31T10:01:57Z" finished-at="2018-10-31T10:02:16Z">
          <params>
            <param index="0">
              <value>
                <![CDATA[chrome]]>
              </value>
            </param>
          </params>
          <reporter-output>
          </reporter-output>
        </test-method> <!-- beforeClass -->
        <test-method status="PASS" signature="f()[pri:0, instance:Automate.Testing.NewTest@1758f2a]" name="f" duration-ms="3028" started-at="2018-10-31T10:02:16Z" finished-at="2018-10-31T10:02:19Z">
          <reporter-output>
          </reporter-output>
        </test-method> <!-- f -->
        <test-method status="PASS" signature="afterClass()[pri:0, instance:Automate.Testing.NewTest@1758f2a]" name="afterClass" is-config="true" duration-ms="398" started-at="2018-10-31T10:02:19Z" finished-at="2018-10-31T10:02:19Z">
          <reporter-output>
          </reporter-output>
        </test-method> <!-- afterClass -->
      </class> <!-- Automate.Testing.NewTest -->
    </test> <!-- Test -->
  </suite> <!-- Suite -->
</testng-results>
